c:\users\mathy\documents\projet\5a\machine learning\projetmachinelearning\lib\machinelearninglib\x64\debug\machinelearninglib.pch
c:\users\mathy\documents\projet\5a\machine learning\projetmachinelearning\lib\machinelearninglib\x64\debug\vc142.pdb
c:\users\mathy\documents\projet\5a\machine learning\projetmachinelearning\lib\machinelearninglib\x64\debug\vc142.idb
c:\users\mathy\documents\projet\5a\machine learning\projetmachinelearning\lib\machinelearninglib\x64\debug\pch.obj
c:\users\mathy\documents\projet\5a\machine learning\projetmachinelearning\lib\machinelearninglib\x64\debug\test.obj
c:\users\mathy\documents\projet\5a\machine learning\projetmachinelearning\lib\machinelearninglib\x64\debug\dllmain.obj
e:\projects\unity projects\projetmachinelearning\lib\machinelearninglib\x64\debug\machinelearninglib.lib
e:\projects\unity projects\projetmachinelearning\lib\machinelearninglib\x64\debug\machinelearninglib.exp
c:\users\mathy\documents\projet\5a\machine learning\projetmachinelearning\lib\machinelearninglib\x64\debug\machinelearninglib.dll
c:\users\mathy\documents\projet\5a\machine learning\projetmachinelearning\lib\machinelearninglib\x64\debug\machinelearninglib.ilk
c:\users\mathy\documents\projet\5a\machine learning\projetmachinelearning\lib\machinelearninglib\x64\debug\machinelearninglib.pdb
c:\users\admin\onedrive\bureau\cours\machinelearning\projetmachinelearning\lib\machinelearninglib\x64\debug\machinelearninglib.lib
c:\users\admin\onedrive\bureau\cours\machinelearning\projetmachinelearning\lib\machinelearninglib\x64\debug\machinelearninglib.exp
c:\users\mathy\documents\projet\5a\machine learning\projetmachinelearning\lib\machinelearninglib\x64\debug\machinelearninglib.lib
c:\users\mathy\documents\projet\5a\machine learning\projetmachinelearning\lib\machinelearninglib\x64\debug\machinelearninglib.exp
c:\users\admin\onedrive\bureau\cours\machinelearning\projetmachinelearning\lib\machinelearninglib\x64\debug\dllmain.obj
c:\users\admin\onedrive\bureau\cours\machinelearning\projetmachinelearning\lib\machinelearninglib\x64\debug\pch.obj
c:\users\admin\onedrive\bureau\cours\machinelearning\projetmachinelearning\lib\machinelearninglib\x64\debug\test.obj
c:\users\admin\onedrive\bureau\cours\machinelearning\projetmachinelearning\lib\machinelearninglib\x64\debug\machinelearninglib.ilk
c:\users\admin\onedrive\bureau\cours\machinelearning\projetmachinelearning\lib\machinelearninglib\x64\debug\machinelearninglib.pch
c:\users\admin\onedrive\bureau\cours\machinelearning\projetmachinelearning\lib\machinelearninglib\x64\debug\vc142.idb
c:\users\admin\onedrive\bureau\cours\machinelearning\projetmachinelearning\lib\machinelearninglib\x64\debug\vc143.idb
c:\users\admin\onedrive\bureau\cours\machinelearning\projetmachinelearning\lib\machinelearninglib\x64\debug\machinelearninglib.pdb
c:\users\admin\onedrive\bureau\cours\machinelearning\projetmachinelearning\lib\machinelearninglib\x64\debug\vc142.pdb
c:\users\admin\onedrive\bureau\cours\machinelearning\projetmachinelearning\lib\machinelearninglib\x64\debug\machinel.d80e330a.tlog\cl.command.1.tlog
c:\users\admin\onedrive\bureau\cours\machinelearning\projetmachinelearning\lib\machinelearninglib\x64\debug\machinel.d80e330a.tlog\cl.read.1.tlog
c:\users\admin\onedrive\bureau\cours\machinelearning\projetmachinelearning\lib\machinelearninglib\x64\debug\machinel.d80e330a.tlog\cl.write.1.tlog
c:\users\admin\onedrive\bureau\cours\machinelearning\projetmachinelearning\lib\machinelearninglib\x64\debug\machinel.d80e330a.tlog\link.10804.delete.1.tlog
c:\users\admin\onedrive\bureau\cours\machinelearning\projetmachinelearning\lib\machinelearninglib\x64\debug\machinel.d80e330a.tlog\link.11544.delete.1.tlog
c:\users\admin\onedrive\bureau\cours\machinelearning\projetmachinelearning\lib\machinelearninglib\x64\debug\machinel.d80e330a.tlog\link.2144.delete.1.tlog
c:\users\admin\onedrive\bureau\cours\machinelearning\projetmachinelearning\lib\machinelearninglib\x64\debug\machinel.d80e330a.tlog\link.5356.delete.1.tlog
c:\users\admin\onedrive\bureau\cours\machinelearning\projetmachinelearning\lib\machinelearninglib\x64\debug\machinel.d80e330a.tlog\link.command.1.tlog
c:\users\admin\onedrive\bureau\cours\machinelearning\projetmachinelearning\lib\machinelearninglib\x64\debug\machinel.d80e330a.tlog\link.delete.1.tlog
c:\users\admin\onedrive\bureau\cours\machinelearning\projetmachinelearning\lib\machinelearninglib\x64\debug\machinel.d80e330a.tlog\link.read.1.tlog
c:\users\admin\onedrive\bureau\cours\machinelearning\projetmachinelearning\lib\machinelearninglib\x64\debug\machinel.d80e330a.tlog\link.write.1.tlog
c:\users\admin\onedrive\bureau\cours\machinelearning\projetmachinelearning\lib\machinelearninglib\x64\debug\machinel.d80e330a.tlog\machinelearninglib.write.1u.tlog
